<?xml version="1.0" encoding="UTF-8"?>
<!-- Generated by org.testng.reporters.JUnitReportReporter -->
<testsuite hostname="DESKTOP-A0CF5IM" failures="0" tests="1" name="Selleniun_start_projects.Selleniun_start_projects.AppTest" time="6.403" errors="0" timestamp="9 Apr 2024 01:35:39 GMT">
  <testcase classname="Selleniun_start_projects.Selleniun_start_projects.AppTest" name="Tests1" time="6.403"/>
</testsuite> <!-- Selleniun_start_projects.Selleniun_start_projects.AppTest -->
